<?xml version="1.0" encoding="UTF-8"?>
<!-- Generated by org.testng.reporters.JUnitXMLReporter -->
<testsuite ignored="23" hostname="LAPTOP-D8M8DET3" failures="0" tests="1" name="Default test" time="15.391" errors="0" timestamp="2025-05-13T16:48:36 IST">
  <testcase classname="bidinnUserWebAppTestScript.VerifyHotelDetailsPage" name="@BeforeTest enterHotelname" time="15.29">
    <failure type="org.openqa.selenium.TimeoutException" message="Expected condition failed: waiting for element to be clickable: By.xpath: //span[@class=&amp;apos;cc-1x4xm cc-sdm9t&amp;apos;] (tried for 10 second(s) with 500 milliseconds interval)
Build info: version: &amp;apos;4.29.0&amp;apos;, revision: &amp;apos;5fc1ec94cb&amp;apos;
System info: os.name: &amp;apos;Windows 11&amp;apos;, os.arch: &amp;apos;amd64&amp;apos;, os.version: &amp;apos;10.0&amp;apos;, java.version: &amp;apos;23.0.2&amp;apos;
Driver info: org.openqa.selenium.chrome.ChromeDriver
Capabilities {acceptInsecureCerts: false, browserName: chrome, browserVersion: 136.0.7103.93, chrome: {chromedriverVersion: 136.0.7103.92 (cb81a4cc5087..., userDataDir: C:\Users\ABHISH~1\AppData\L...}, fedcm:accounts: true, goog:chromeOptions: {debuggerAddress: localhost:50252}, networkConnectionEnabled: false, pageLoadStrategy: normal, platformName: windows, proxy: Proxy(), se:cdp: ws://localhost:50252/devtoo..., se:cdpVersion: 136.0.7103.93, setWindowRect: true, strictFileInteractability: false, timeouts: {implicit: 0, pageLoad: 300000, script: 30000}, unhandledPromptBehavior: dismiss and notify, webauthn:extension:credBlob: true, webauthn:extension:largeBlob: true, webauthn:extension:minPinLength: true, webauthn:extension:prf: true, webauthn:virtualAuthenticators: true}
Session ID: d43ca71ef54457e1bccbef3ae1dacf20">
      <![CDATA[org.openqa.selenium.TimeoutException: Expected condition failed: waiting for element to be clickable: By.xpath: //span[@class='cc-1x4xm cc-sdm9t'] (tried for 10 second(s) with 500 milliseconds interval)
Build info: version: '4.29.0', revision: '5fc1ec94cb'
System info: os.name: 'Windows 11', os.arch: 'amd64', os.version: '10.0', java.version: '23.0.2'
Driver info: org.openqa.selenium.chrome.ChromeDriver
Capabilities {acceptInsecureCerts: false, browserName: chrome, browserVersion: 136.0.7103.93, chrome: {chromedriverVersion: 136.0.7103.92 (cb81a4cc5087..., userDataDir: C:\Users\ABHISH~1\AppData\L...}, fedcm:accounts: true, goog:chromeOptions: {debuggerAddress: localhost:50252}, networkConnectionEnabled: false, pageLoadStrategy: normal, platformName: windows, proxy: Proxy(), se:cdp: ws://localhost:50252/devtoo..., se:cdpVersion: 136.0.7103.93, setWindowRect: true, strictFileInteractability: false, timeouts: {implicit: 0, pageLoad: 300000, script: 30000}, unhandledPromptBehavior: dismiss and notify, webauthn:extension:credBlob: true, webauthn:extension:largeBlob: true, webauthn:extension:minPinLength: true, webauthn:extension:prf: true, webauthn:virtualAuthenticators: true}
Session ID: d43ca71ef54457e1bccbef3ae1dacf20
at org.openqa.selenium.support.ui.WebDriverWait.timeoutException(WebDriverWait.java:84)
at org.openqa.selenium.support.ui.FluentWait.until(FluentWait.java:228)
at bidinnUserWebAppTestScript.VerifyHotelDetailsPage.enterHotelname(VerifyHotelDetailsPage.java:144)
at java.base/jdk.internal.reflect.DirectMethodHandleAccessor.invoke(DirectMethodHandleAccessor.java:103)
at java.base/java.lang.reflect.Method.invoke(Method.java:580)
at org.testng.internal.invokers.MethodInvocationHelper.invokeMethod(MethodInvocationHelper.java:141)
at org.testng.internal.invokers.MethodInvocationHelper.invokeMethodConsideringTimeout(MethodInvocationHelper.java:71)
at org.testng.internal.invokers.ConfigInvoker.invokeConfigurationMethod(ConfigInvoker.java:400)
at org.testng.internal.invokers.ConfigInvoker.invokeConfigurations(ConfigInvoker.java:333)
at org.testng.TestRunner.invokeTestConfigurations(TestRunner.java:657)
at org.testng.TestRunner.beforeRun(TestRunner.java:646)
at org.testng.TestRunner.run(TestRunner.java:612)
at org.testng.SuiteRunner.runTest(SuiteRunner.java:421)
at org.testng.SuiteRunner.runSequentially(SuiteRunner.java:413)
at org.testng.SuiteRunner.privateRun(SuiteRunner.java:373)
at org.testng.SuiteRunner.run(SuiteRunner.java:312)
at org.testng.SuiteRunnerWorker.runSuite(SuiteRunnerWorker.java:52)
at org.testng.SuiteRunnerWorker.run(SuiteRunnerWorker.java:95)
at org.testng.TestNG.runSuitesSequentially(TestNG.java:1274)
at org.testng.TestNG.runSuitesLocally(TestNG.java:1208)
at org.testng.TestNG.runSuites(TestNG.java:1112)
at org.testng.TestNG.run(TestNG.java:1079)
at org.testng.remote.AbstractRemoteTestNG.run(AbstractRemoteTestNG.java:115)
at org.testng.remote.RemoteTestNG.initAndRun(RemoteTestNG.java:293)
at org.testng.remote.RemoteTestNG.main(RemoteTestNG.java:91)
]]>
    </failure>
  </testcase> <!-- @BeforeTest enterHotelname -->
  <testcase classname="bidinnUserWebAppTestScript.VerifyHotelDetailsPage" name="@AfterClass tearDown" time="0.0">
    <skipped/>
  </testcase> <!-- @AfterClass tearDown -->
  <testcase classname="bidinnUserWebAppTestScript.VerifyHotelDetailsPage" name="verifySearchedHotelNameDateGuestNoAndRoomNo" time="0.0">
    <skipped/>
  </testcase> <!-- verifySearchedHotelNameDateGuestNoAndRoomNo -->
  <testcase classname="bidinnUserWebAppTestScript.VerifyHotelDetailsPage" name="shareButtonworkwhatsapp" time="0.0">
    <ignored/>
  </testcase> <!-- shareButtonworkwhatsapp -->
  <testcase classname="bidinnUserWebAppTestScript.VerifyHotelDetailsPage" name="verifyViewmoreandless" time="0.0">
    <ignored/>
  </testcase> <!-- verifyViewmoreandless -->
  <testcase classname="bidinnUserWebAppTestScript.VerifyHotelDetailsPage" name="verifyDisplayReviewShow" time="0.0">
    <ignored/>
  </testcase> <!-- verifyDisplayReviewShow -->
  <testcase classname="bidinnUserWebAppTestScript.VerifyHotelDetailsPage" name="verifyBidNowOptionAfterLogin" time="0.0">
    <ignored/>
  </testcase> <!-- verifyBidNowOptionAfterLogin -->
  <testcase classname="bidinnUserWebAppTestScript.VerifyHotelDetailsPage" name="verifyPriceShownwithDiscount" time="0.0">
    <ignored/>
  </testcase> <!-- verifyPriceShownwithDiscount -->
  <testcase classname="bidinnUserWebAppTestScript.VerifyHotelDetailsPage" name="verifyDisplayPolicyVisible" time="0.0">
    <ignored/>
  </testcase> <!-- verifyDisplayPolicyVisible -->
  <testcase classname="bidinnUserWebAppTestScript.VerifyHotelDetailsPage" name="verifyAddressandMAPisdisplayornot" time="0.0">
    <ignored/>
  </testcase> <!-- verifyAddressandMAPisdisplayornot -->
  <testcase classname="bidinnUserWebAppTestScript.VerifyHotelDetailsPage" name="shareButtonworktwitter" time="0.0">
    <ignored/>
  </testcase> <!-- shareButtonworktwitter -->
  <testcase classname="bidinnUserWebAppTestScript.VerifyHotelDetailsPage" name="verifyBookNowButtonwork" time="0.0">
    <ignored/>
  </testcase> <!-- verifyBookNowButtonwork -->
  <testcase classname="bidinnUserWebAppTestScript.VerifyHotelDetailsPage" name="verifyDisplayFacilityofHotel" time="0.0">
    <ignored/>
  </testcase> <!-- verifyDisplayFacilityofHotel -->
  <testcase classname="bidinnUserWebAppTestScript.VerifyHotelDetailsPage" name="verifyImgaedisplayornot" time="0.0">
    <ignored/>
  </testcase> <!-- verifyImgaedisplayornot -->
  <testcase classname="bidinnUserWebAppTestScript.VerifyHotelDetailsPage" name="checkBidCounteroptionworkornot" time="0.0">
    <ignored/>
  </testcase> <!-- checkBidCounteroptionworkornot -->
  <testcase classname="bidinnUserWebAppTestScript.VerifyHotelDetailsPage" name="roomClickpricechange" time="0.0">
    <ignored/>
  </testcase> <!-- roomClickpricechange -->
  <testcase classname="bidinnUserWebAppTestScript.VerifyHotelDetailsPage" name="shareButtonworkfb" time="0.0">
    <ignored/>
  </testcase> <!-- shareButtonworkfb -->
  <testcase classname="bidinnUserWebAppTestScript.VerifyHotelDetailsPage" name="foooteriscorrectlydisplaydataornotguestroomchildtotalnight" time="0.0">
    <ignored/>
  </testcase> <!-- foooteriscorrectlydisplaydataornotguestroomchildtotalnight -->
  <testcase classname="bidinnUserWebAppTestScript.VerifyHotelDetailsPage" name="allReviewworkornotinOverviewSection" time="0.0">
    <ignored/>
  </testcase> <!-- allReviewworkornotinOverviewSection -->
  <testcase classname="bidinnUserWebAppTestScript.VerifyHotelDetailsPage" name="verifyRecommendHotelStartBidBeforeLogin" time="0.0">
    <ignored/>
  </testcase> <!-- verifyRecommendHotelStartBidBeforeLogin -->
  <testcase classname="bidinnUserWebAppTestScript.VerifyHotelDetailsPage" name="foooteriscorrectlydisplaydataornotPricestage" time="0.0">
    <ignored/>
  </testcase> <!-- foooteriscorrectlydisplaydataornotPricestage -->
  <testcase classname="bidinnUserWebAppTestScript.VerifyHotelDetailsPage" name="checkingpriceiscorrectornot" time="0.0">
    <ignored/>
  </testcase> <!-- checkingpriceiscorrectornot -->
  <testcase classname="bidinnUserWebAppTestScript.VerifyHotelDetailsPage" name="moreOptionornot" time="0.0">
    <ignored/>
  </testcase> <!-- moreOptionornot -->
  <testcase classname="bidinnUserWebAppTestScript.VerifyHotelDetailsPage" name="seeMoreReviewworkornot" time="0.0">
    <ignored/>
  </testcase> <!-- seeMoreReviewworkornot -->
  <testcase classname="bidinnUserWebAppTestScript.VerifyHotelDetailsPage" name="verifyRecommendHotelBidNowBeforeLogin" time="0.0">
    <ignored/>
  </testcase> <!-- verifyRecommendHotelBidNowBeforeLogin -->
  <testcase classname="bidinnUserWebAppTestScript.VerifyHotelDetailsPage" name="verifyDisplayRoomsshow" time="0.0">
    <ignored/>
  </testcase> <!-- verifyDisplayRoomsshow -->
</testsuite> <!-- Default test -->
