<?xml version="1.0" encoding="UTF-8"?>
<!-- Generated by org.testng.reporters.JUnitXMLReporter -->
<testsuite ignored="0" hostname="LAPTOP-D8M8DET3" failures="5" tests="31" name="TestScript" time="195.606" errors="0" timestamp="2025-05-14T13:29:06 IST">
  <testcase classname="bidinnUserWebAppTestScript.VerifyHotelListPage" name="@BeforeMethod entercityintput" time="56.469">
    <failure type="org.openqa.selenium.NoSuchSessionException" message="invalid session id: session deleted as the browser has closed the connection
from disconnected: unable to send message to renderer
  (Session info: chrome=136.0.7103.93)
Build info: version: &amp;apos;4.29.0&amp;apos;, revision: &amp;apos;5fc1ec94cb&amp;apos;
System info: os.name: &amp;apos;Windows 11&amp;apos;, os.arch: &amp;apos;amd64&amp;apos;, os.version: &amp;apos;10.0&amp;apos;, java.version: &amp;apos;23.0.2&amp;apos;
Driver info: org.openqa.selenium.chrome.ChromeDriver
Command: [51824b74c2c836c07c4b5794aa70a082, clickElement {id=f.493E4CEC7FE049E93C10C389D56C792C.d.51510BBB2A5D34035C5B8A565772B39D.e.91}]
Capabilities {acceptInsecureCerts: false, browserName: chrome, browserVersion: 136.0.7103.93, chrome: {chromedriverVersion: 136.0.7103.92 (cb81a4cc5087..., userDataDir: C:\Users\ABHISH~1\AppData\L...}, fedcm:accounts: true, goog:chromeOptions: {debuggerAddress: localhost:52020}, networkConnectionEnabled: false, pageLoadStrategy: normal, platformName: windows, proxy: Proxy(), se:cdp: ws://localhost:52020/devtoo..., se:cdpVersion: 136.0.7103.93, setWindowRect: true, strictFileInteractability: false, timeouts: {implicit: 0, pageLoad: 300000, script: 30000}, unhandledPromptBehavior: dismiss and notify, webauthn:extension:credBlob: true, webauthn:extension:largeBlob: true, webauthn:extension:minPinLength: true, webauthn:extension:prf: true, webauthn:virtualAuthenticators: true}
Element: [[ChromeDriver: chrome on windows (51824b74c2c836c07c4b5794aa70a082)] -&amp;gt; xpath: //span[text()=&amp;apos;No. of Rooms/Guests&amp;apos;]]
Session ID: 51824b74c2c836c07c4b5794aa70a082">
      <![CDATA[org.openqa.selenium.NoSuchSessionException: invalid session id: session deleted as the browser has closed the connection
from disconnected: unable to send message to renderer
  (Session info: chrome=136.0.7103.93)
Build info: version: '4.29.0', revision: '5fc1ec94cb'
System info: os.name: 'Windows 11', os.arch: 'amd64', os.version: '10.0', java.version: '23.0.2'
Driver info: org.openqa.selenium.chrome.ChromeDriver
Command: [51824b74c2c836c07c4b5794aa70a082, clickElement {id=f.493E4CEC7FE049E93C10C389D56C792C.d.51510BBB2A5D34035C5B8A565772B39D.e.91}]
Capabilities {acceptInsecureCerts: false, browserName: chrome, browserVersion: 136.0.7103.93, chrome: {chromedriverVersion: 136.0.7103.92 (cb81a4cc5087..., userDataDir: C:\Users\ABHISH~1\AppData\L...}, fedcm:accounts: true, goog:chromeOptions: {debuggerAddress: localhost:52020}, networkConnectionEnabled: false, pageLoadStrategy: normal, platformName: windows, proxy: Proxy(), se:cdp: ws://localhost:52020/devtoo..., se:cdpVersion: 136.0.7103.93, setWindowRect: true, strictFileInteractability: false, timeouts: {implicit: 0, pageLoad: 300000, script: 30000}, unhandledPromptBehavior: dismiss and notify, webauthn:extension:credBlob: true, webauthn:extension:largeBlob: true, webauthn:extension:minPinLength: true, webauthn:extension:prf: true, webauthn:virtualAuthenticators: true}
Element: [[ChromeDriver: chrome on windows (51824b74c2c836c07c4b5794aa70a082)] -> xpath: //span[text()='No. of Rooms/Guests']]
Session ID: 51824b74c2c836c07c4b5794aa70a082
at org.openqa.selenium.remote.ErrorCodec.decode(ErrorCodec.java:167)
at org.openqa.selenium.remote.codec.w3c.W3CHttpResponseCodec.decode(W3CHttpResponseCodec.java:138)
at org.openqa.selenium.remote.codec.w3c.W3CHttpResponseCodec.decode(W3CHttpResponseCodec.java:50)
at org.openqa.selenium.remote.HttpCommandExecutor.execute(HttpCommandExecutor.java:215)
at org.openqa.selenium.remote.service.DriverCommandExecutor.invokeExecute(DriverCommandExecutor.java:216)
at org.openqa.selenium.remote.service.DriverCommandExecutor.execute(DriverCommandExecutor.java:174)
at org.openqa.selenium.remote.RemoteWebDriver.execute(RemoteWebDriver.java:545)
at org.openqa.selenium.remote.RemoteWebElement.execute(RemoteWebElement.java:223)
at org.openqa.selenium.remote.RemoteWebElement.click(RemoteWebElement.java:76)
at bidinnUserWebAppTestScript.VerifyHotelListPage.entercityintput(VerifyHotelListPage.java:72)
at java.base/java.util.concurrent.Executors$RunnableAdapter.call(Executors.java:572)
at java.base/java.util.concurrent.FutureTask.run(FutureTask.java:317)
at java.base/java.util.concurrent.ThreadPoolExecutor.runWorker(ThreadPoolExecutor.java:1144)
at java.base/java.util.concurrent.ThreadPoolExecutor$Worker.run(ThreadPoolExecutor.java:642)
at java.base/java.lang.Thread.run(Thread.java:1575)
... Removed 18 stack frames]]>
    </failure>
  </testcase> <!-- @BeforeMethod entercityintput -->
  <testcase classname="bidinnUserWebAppTestScript.VerifyHotelListPage" name="@AfterMethod teardown" time="0.0">
    <skipped/>
  </testcase> <!-- @AfterMethod teardown -->
  <testcase classname="bidinnUserWebAppTestScript.VerifyHotelListPage" name="@BeforeMethod entercityintput" time="0.0">
    <skipped/>
  </testcase> <!-- @BeforeMethod entercityintput -->
  <testcase classname="bidinnUserWebAppTestScript.VerifyHotelListPage" name="@AfterMethod teardown" time="0.0">
    <skipped/>
  </testcase> <!-- @AfterMethod teardown -->
  <testcase classname="bidinnUserWebAppTestScript.VerifyHotelListPage" name="@BeforeMethod entercityintput" time="0.0">
    <skipped/>
  </testcase> <!-- @BeforeMethod entercityintput -->
  <testcase classname="bidinnUserWebAppTestScript.VerifyHotelListPage" name="@AfterMethod teardown" time="0.0">
    <skipped/>
  </testcase> <!-- @AfterMethod teardown -->
  <testcase classname="bidinnUserWebAppTestScript.VerifyHotelListPage" name="@BeforeMethod entercityintput" time="0.0">
    <skipped/>
  </testcase> <!-- @BeforeMethod entercityintput -->
  <testcase classname="bidinnUserWebAppTestScript.VerifyHotelListPage" name="@AfterMethod teardown" time="0.0">
    <skipped/>
  </testcase> <!-- @AfterMethod teardown -->
  <testcase classname="bidinnUserWebAppTestScript.VerifyHotelListPage" name="@BeforeMethod entercityintput" time="0.0">
    <skipped/>
  </testcase> <!-- @BeforeMethod entercityintput -->
  <testcase classname="bidinnUserWebAppTestScript.VerifyHotelListPage" name="@AfterMethod teardown" time="0.0">
    <skipped/>
  </testcase> <!-- @AfterMethod teardown -->
  <testcase classname="bidinnUserWebAppTestScript.VerifyHotelListPage" name="@BeforeMethod entercityintput" time="0.0">
    <skipped/>
  </testcase> <!-- @BeforeMethod entercityintput -->
  <testcase classname="bidinnUserWebAppTestScript.VerifyHotelListPage" name="@AfterMethod teardown" time="0.0">
    <skipped/>
  </testcase> <!-- @AfterMethod teardown -->
  <testcase classname="bidinnUserWebAppTestScript.VerifyHotelListPage" name="@BeforeMethod entercityintput" time="0.0">
    <skipped/>
  </testcase> <!-- @BeforeMethod entercityintput -->
  <testcase classname="bidinnUserWebAppTestScript.VerifyHotelListPage" name="@AfterMethod teardown" time="0.0">
    <skipped/>
  </testcase> <!-- @AfterMethod teardown -->
  <testcase classname="bidinnUserWebAppTestScript.VerifyHotelListPage" name="@BeforeMethod entercityintput" time="0.0">
    <skipped/>
  </testcase> <!-- @BeforeMethod entercityintput -->
  <testcase classname="bidinnUserWebAppTestScript.VerifyHotelListPage" name="@AfterMethod teardown" time="0.0">
    <skipped/>
  </testcase> <!-- @AfterMethod teardown -->
  <testcase classname="bidinnUserWebAppTestScript.VerifyHotelListPage" name="@BeforeMethod entercityintput" time="0.0">
    <skipped/>
  </testcase> <!-- @BeforeMethod entercityintput -->
  <testcase classname="bidinnUserWebAppTestScript.VerifyHotelListPage" name="@AfterMethod teardown" time="0.0">
    <skipped/>
  </testcase> <!-- @AfterMethod teardown -->
  <testcase classname="bidinnUserWebAppTestScript.VerifyHotelListPage" name="@BeforeMethod entercityintput" time="0.0">
    <skipped/>
  </testcase> <!-- @BeforeMethod entercityintput -->
  <testcase classname="bidinnUserWebAppTestScript.VerifyHotelListPage" name="@AfterMethod teardown" time="0.0">
    <skipped/>
  </testcase> <!-- @AfterMethod teardown -->
  <testcase classname="bidinnUserWebAppTestScript.VerifyHotelListPage" name="@BeforeMethod entercityintput" time="0.0">
    <skipped/>
  </testcase> <!-- @BeforeMethod entercityintput -->
  <testcase classname="bidinnUserWebAppTestScript.VerifyHotelListPage" name="@AfterMethod teardown" time="0.0">
    <skipped/>
  </testcase> <!-- @AfterMethod teardown -->
  <testcase classname="bidinnUserWebAppTestScript.VerifyHotelListPage" name="@BeforeMethod entercityintput" time="0.0">
    <skipped/>
  </testcase> <!-- @BeforeMethod entercityintput -->
  <testcase classname="bidinnUserWebAppTestScript.VerifyHotelListPage" name="@AfterMethod teardown" time="0.0">
    <skipped/>
  </testcase> <!-- @AfterMethod teardown -->
  <testcase classname="bidinnUserWebAppTestScript.VerifyHomePage" name="backgroundImage" time="1.598"/>
  <testcase classname="bidinnUserWebAppTestScript.VerifyHomePage" name="logintextLink" time="2.117"/>
  <testcase classname="bidinnUserWebAppTestScript.VerifyHotelListPage" name="changeRoomandGuestworkornot" time="6.003"/>
  <testcase classname="bidinnUserWebAppTestScript.VerifyHomePage" name="statesofIndia" time="8.859">
    <failure type="java.lang.AssertionError" message="expected [true] but found [false]">
      <![CDATA[java.lang.AssertionError: expected [true] but found [false]
at bidinnUserWebAppTestScript.VerifyHomePage.statesofIndia(VerifyHomePage.java:598)
at java.base/java.util.concurrent.Executors$RunnableAdapter.call(Executors.java:572)
at java.base/java.util.concurrent.FutureTask.run(FutureTask.java:317)
at java.base/java.util.concurrent.ThreadPoolExecutor.runWorker(ThreadPoolExecutor.java:1144)
at java.base/java.util.concurrent.ThreadPoolExecutor$Worker.run(ThreadPoolExecutor.java:642)
at java.base/java.lang.Thread.run(Thread.java:1575)
... Removed 15 stack frames]]>
    </failure>
  </testcase> <!-- statesofIndia -->
  <testcase classname="bidinnUserWebAppTestScript.VerifyHotelListPage" name="changecheckinoutdatepsbleworkornot" time="4.534"/>
  <testcase classname="bidinnUserWebAppTestScript.VerifyHomePage" name="topCitieswork" time="9.671">
    <failure type="org.openqa.selenium.ElementClickInterceptedException" message="element click intercepted: Element is not clickable at point (231, 2645)
  (Session info: chrome=136.0.7103.93)
Build info: version: &amp;apos;4.29.0&amp;apos;, revision: &amp;apos;5fc1ec94cb&amp;apos;
System info: os.name: &amp;apos;Windows 11&amp;apos;, os.arch: &amp;apos;amd64&amp;apos;, os.version: &amp;apos;10.0&amp;apos;, java.version: &amp;apos;23.0.2&amp;apos;
Driver info: org.openqa.selenium.chrome.ChromeDriver
Command: [a006833eb9491688a1124c47e8f29150, clickElement {id=f.3C230A8DC96251FCFBB6FA49C53AE4FF.d.8A216F64FB5C0F1E3450842CF1E1B193.e.43}]
Capabilities {acceptInsecureCerts: false, browserName: chrome, browserVersion: 136.0.7103.93, chrome: {chromedriverVersion: 136.0.7103.92 (cb81a4cc5087..., userDataDir: C:\Users\ABHISH~1\AppData\L...}, fedcm:accounts: true, goog:chromeOptions: {debuggerAddress: localhost:51855}, networkConnectionEnabled: false, pageLoadStrategy: normal, platformName: windows, proxy: Proxy(), se:cdp: ws://localhost:51855/devtoo..., se:cdpVersion: 136.0.7103.93, setWindowRect: true, strictFileInteractability: false, timeouts: {implicit: 0, pageLoad: 300000, script: 30000}, unhandledPromptBehavior: dismiss and notify, webauthn:extension:credBlob: true, webauthn:extension:largeBlob: true, webauthn:extension:minPinLength: true, webauthn:extension:prf: true, webauthn:virtualAuthenticators: true}
Element: [[ChromeDriver: chrome on windows (a006833eb9491688a1124c47e8f29150)] -&amp;gt; xpath: (//h6[text()=&amp;apos;Hotels In Delhi&amp;apos;])[1]]
Session ID: a006833eb9491688a1124c47e8f29150">
      <![CDATA[org.openqa.selenium.ElementClickInterceptedException: element click intercepted: Element is not clickable at point (231, 2645)
  (Session info: chrome=136.0.7103.93)
Build info: version: '4.29.0', revision: '5fc1ec94cb'
System info: os.name: 'Windows 11', os.arch: 'amd64', os.version: '10.0', java.version: '23.0.2'
Driver info: org.openqa.selenium.chrome.ChromeDriver
Command: [a006833eb9491688a1124c47e8f29150, clickElement {id=f.3C230A8DC96251FCFBB6FA49C53AE4FF.d.8A216F64FB5C0F1E3450842CF1E1B193.e.43}]
Capabilities {acceptInsecureCerts: false, browserName: chrome, browserVersion: 136.0.7103.93, chrome: {chromedriverVersion: 136.0.7103.92 (cb81a4cc5087..., userDataDir: C:\Users\ABHISH~1\AppData\L...}, fedcm:accounts: true, goog:chromeOptions: {debuggerAddress: localhost:51855}, networkConnectionEnabled: false, pageLoadStrategy: normal, platformName: windows, proxy: Proxy(), se:cdp: ws://localhost:51855/devtoo..., se:cdpVersion: 136.0.7103.93, setWindowRect: true, strictFileInteractability: false, timeouts: {implicit: 0, pageLoad: 300000, script: 30000}, unhandledPromptBehavior: dismiss and notify, webauthn:extension:credBlob: true, webauthn:extension:largeBlob: true, webauthn:extension:minPinLength: true, webauthn:extension:prf: true, webauthn:virtualAuthenticators: true}
Element: [[ChromeDriver: chrome on windows (a006833eb9491688a1124c47e8f29150)] -> xpath: (//h6[text()='Hotels In Delhi'])[1]]
Session ID: a006833eb9491688a1124c47e8f29150
at org.openqa.selenium.remote.ErrorCodec.decode(ErrorCodec.java:167)
at org.openqa.selenium.remote.codec.w3c.W3CHttpResponseCodec.decode(W3CHttpResponseCodec.java:138)
at org.openqa.selenium.remote.codec.w3c.W3CHttpResponseCodec.decode(W3CHttpResponseCodec.java:50)
at org.openqa.selenium.remote.HttpCommandExecutor.execute(HttpCommandExecutor.java:215)
at org.openqa.selenium.remote.service.DriverCommandExecutor.invokeExecute(DriverCommandExecutor.java:216)
at org.openqa.selenium.remote.service.DriverCommandExecutor.execute(DriverCommandExecutor.java:174)
at org.openqa.selenium.remote.RemoteWebDriver.execute(RemoteWebDriver.java:545)
at org.openqa.selenium.remote.RemoteWebElement.execute(RemoteWebElement.java:223)
at org.openqa.selenium.remote.RemoteWebElement.click(RemoteWebElement.java:76)
at bidinnUserWebAppTestScript.VerifyHomePage.topCitieswork(VerifyHomePage.java:528)
at java.base/java.util.concurrent.Executors$RunnableAdapter.call(Executors.java:572)
at java.base/java.util.concurrent.FutureTask.run(FutureTask.java:317)
at java.base/java.util.concurrent.ThreadPoolExecutor.runWorker(ThreadPoolExecutor.java:1144)
at java.base/java.util.concurrent.ThreadPoolExecutor$Worker.run(ThreadPoolExecutor.java:642)
at java.base/java.lang.Thread.run(Thread.java:1575)
... Removed 14 stack frames]]>
    </failure>
  </testcase> <!-- topCitieswork -->
  <testcase classname="bidinnUserWebAppTestScript.VerifyHomePage" name="verifyDotsofOurBlog" time="5.651"/>
  <testcase classname="bidinnUserWebAppTestScript.VerifyHotelListPage" name="checkLoginButtonworkornot" time="5.467"/>
  <testcase classname="bidinnUserWebAppTestScript.VerifyHomePage" name="verifyExploreCityCardsWorkornot" time="6.547"/>
  <testcase classname="bidinnUserWebAppTestScript.VerifyHotelListPage" name="shareButtonworkfb" time="0.0">
    <skipped/>
  </testcase> <!-- shareButtonworkfb -->
  <testcase classname="bidinnUserWebAppTestScript.VerifyHotelListPage" name="shareButtonworktwitter" time="0.0">
    <skipped/>
  </testcase> <!-- shareButtonworktwitter -->
  <testcase classname="bidinnUserWebAppTestScript.VerifyHotelListPage" name="shareButtonworkwhatsapp" time="0.0">
    <skipped/>
  </testcase> <!-- shareButtonworkwhatsapp -->
  <testcase classname="bidinnUserWebAppTestScript.VerifyHotelListPage" name="testsliderPriceRange" time="0.0">
    <skipped/>
  </testcase> <!-- testsliderPriceRange -->
  <testcase classname="bidinnUserWebAppTestScript.VerifyHotelListPage" name="twelevepercrating" time="0.001">
    <skipped/>
  </testcase> <!-- twelevepercrating -->
  <testcase classname="bidinnUserWebAppTestScript.VerifyHotelListPage" name="verifyactualpriceafterapplyingdiscount" time="0.0">
    <skipped/>
  </testcase> <!-- verifyactualpriceafterapplyingdiscount -->
  <testcase classname="bidinnUserWebAppTestScript.VerifyHotelListPage" name="verifychangelocationgivenewlocationhotel" time="0.0">
    <skipped/>
  </testcase> <!-- verifychangelocationgivenewlocationhotel -->
  <testcase classname="bidinnUserWebAppTestScript.VerifyHotelListPage" name="verifyfilterbox" time="0.0">
    <skipped/>
  </testcase> <!-- verifyfilterbox -->
  <testcase classname="bidinnUserWebAppTestScript.VerifyHotelListPage" name="verifyfilterbox2" time="0.0">
    <skipped/>
  </testcase> <!-- verifyfilterbox2 -->
  <testcase classname="bidinnUserWebAppTestScript.VerifyHotelListPage" name="verifyfilterbox3" time="0.0">
    <skipped/>
  </testcase> <!-- verifyfilterbox3 -->
  <testcase classname="bidinnUserWebAppTestScript.VerifyHotelListPage" name="verifyfilterbox4" time="0.0">
    <skipped/>
  </testcase> <!-- verifyfilterbox4 -->
  <testcase classname="bidinnUserWebAppTestScript.VerifyHotelListPage" name="verifyhotelnamedetail" time="0.0">
    <skipped/>
  </testcase> <!-- verifyhotelnamedetail -->
  <testcase classname="bidinnUserWebAppTestScript.VerifyHomePage" name="verifyExploreCitySliderworkornot" time="50.733">
    <failure type="org.openqa.selenium.NoSuchSessionException" message="invalid session id: session deleted as the browser has closed the connection
from disconnected: not connected to DevTools
  (Session info: chrome=136.0.7103.93)
Build info: version: &amp;apos;4.29.0&amp;apos;, revision: &amp;apos;5fc1ec94cb&amp;apos;
System info: os.name: &amp;apos;Windows 11&amp;apos;, os.arch: &amp;apos;amd64&amp;apos;, os.version: &amp;apos;10.0&amp;apos;, java.version: &amp;apos;23.0.2&amp;apos;
Driver info: org.openqa.selenium.chrome.ChromeDriver
Command: [5062e19ce7c0e8805c05a013f64ae8fe, findElement {value=(//button[contains(@class,&amp;apos;MuiIconButton-sizeMedium h-12 w-12 mui-mfslm7&amp;apos;)])[1], using=xpath}]
Capabilities {acceptInsecureCerts: false, browserName: chrome, browserVersion: 136.0.7103.93, chrome: {chromedriverVersion: 136.0.7103.92 (cb81a4cc5087..., userDataDir: C:\Users\ABHISH~1\AppData\L...}, fedcm:accounts: true, goog:chromeOptions: {debuggerAddress: localhost:52055}, networkConnectionEnabled: false, pageLoadStrategy: normal, platformName: windows, proxy: Proxy(), se:cdp: ws://localhost:52055/devtoo..., se:cdpVersion: 136.0.7103.93, setWindowRect: true, strictFileInteractability: false, timeouts: {implicit: 0, pageLoad: 300000, script: 30000}, unhandledPromptBehavior: dismiss and notify, webauthn:extension:credBlob: true, webauthn:extension:largeBlob: true, webauthn:extension:minPinLength: true, webauthn:extension:prf: true, webauthn:virtualAuthenticators: true}
Session ID: 5062e19ce7c0e8805c05a013f64ae8fe">
      <![CDATA[org.openqa.selenium.NoSuchSessionException: invalid session id: session deleted as the browser has closed the connection
from disconnected: not connected to DevTools
  (Session info: chrome=136.0.7103.93)
Build info: version: '4.29.0', revision: '5fc1ec94cb'
System info: os.name: 'Windows 11', os.arch: 'amd64', os.version: '10.0', java.version: '23.0.2'
Driver info: org.openqa.selenium.chrome.ChromeDriver
Command: [5062e19ce7c0e8805c05a013f64ae8fe, findElement {value=(//button[contains(@class,'MuiIconButton-sizeMedium h-12 w-12 mui-mfslm7')])[1], using=xpath}]
Capabilities {acceptInsecureCerts: false, browserName: chrome, browserVersion: 136.0.7103.93, chrome: {chromedriverVersion: 136.0.7103.92 (cb81a4cc5087..., userDataDir: C:\Users\ABHISH~1\AppData\L...}, fedcm:accounts: true, goog:chromeOptions: {debuggerAddress: localhost:52055}, networkConnectionEnabled: false, pageLoadStrategy: normal, platformName: windows, proxy: Proxy(), se:cdp: ws://localhost:52055/devtoo..., se:cdpVersion: 136.0.7103.93, setWindowRect: true, strictFileInteractability: false, timeouts: {implicit: 0, pageLoad: 300000, script: 30000}, unhandledPromptBehavior: dismiss and notify, webauthn:extension:credBlob: true, webauthn:extension:largeBlob: true, webauthn:extension:minPinLength: true, webauthn:extension:prf: true, webauthn:virtualAuthenticators: true}
Session ID: 5062e19ce7c0e8805c05a013f64ae8fe
at org.openqa.selenium.remote.ErrorCodec.decode(ErrorCodec.java:167)
at org.openqa.selenium.remote.codec.w3c.W3CHttpResponseCodec.decode(W3CHttpResponseCodec.java:138)
at org.openqa.selenium.remote.codec.w3c.W3CHttpResponseCodec.decode(W3CHttpResponseCodec.java:50)
at org.openqa.selenium.remote.HttpCommandExecutor.execute(HttpCommandExecutor.java:215)
at org.openqa.selenium.remote.service.DriverCommandExecutor.invokeExecute(DriverCommandExecutor.java:216)
at org.openqa.selenium.remote.service.DriverCommandExecutor.execute(DriverCommandExecutor.java:174)
at org.openqa.selenium.remote.RemoteWebDriver.execute(RemoteWebDriver.java:545)
at org.openqa.selenium.remote.ElementLocation$ElementFinder$2.findElement(ElementLocation.java:165)
at org.openqa.selenium.remote.ElementLocation.findElement(ElementLocation.java:59)
at org.openqa.selenium.remote.RemoteWebDriver.findElement(RemoteWebDriver.java:368)
at org.openqa.selenium.remote.RemoteWebDriver.findElement(RemoteWebDriver.java:362)
at bidinnUserWebAppTestScript.VerifyHomePage.verifyExploreCitySliderworkornot(VerifyHomePage.java:221)
at java.base/java.util.concurrent.Executors$RunnableAdapter.call(Executors.java:572)
at java.base/java.util.concurrent.FutureTask.run(FutureTask.java:317)
at java.base/java.util.concurrent.ThreadPoolExecutor.runWorker(ThreadPoolExecutor.java:1144)
at java.base/java.util.concurrent.ThreadPoolExecutor$Worker.run(ThreadPoolExecutor.java:642)
at java.base/java.lang.Thread.run(Thread.java:1575)
... Removed 14 stack frames]]>
    </failure>
  </testcase> <!-- verifyExploreCitySliderworkornot -->
  <testcase classname="bidinnUserWebAppTestScript.VerifyHomePage" name="verifyRecommendHotelBidNowBeforeLogin" time="9.679"/>
  <testcase classname="bidinnUserWebAppTestScript.VerifyHomePage" name="verifyRecommendHotelNameOrImageLink" time="3.1"/>
  <testcase classname="bidinnUserWebAppTestScript.VerifyHomePage" name="verifyRecommendHotelStartBidBeforeLogin" time="11.124">
    <failure type="org.openqa.selenium.TimeoutException" message="Expected condition failed: waiting for element to be clickable: By.xpath: //span[@class=&amp;apos;cc-1x4xm cc-sdm9t&amp;apos;] (tried for 10 second(s) with 500 milliseconds interval)
Build info: version: &amp;apos;4.29.0&amp;apos;, revision: &amp;apos;5fc1ec94cb&amp;apos;
System info: os.name: &amp;apos;Windows 11&amp;apos;, os.arch: &amp;apos;amd64&amp;apos;, os.version: &amp;apos;10.0&amp;apos;, java.version: &amp;apos;23.0.2&amp;apos;
Driver info: org.openqa.selenium.chrome.ChromeDriver
Capabilities {acceptInsecureCerts: false, browserName: chrome, browserVersion: 136.0.7103.93, chrome: {chromedriverVersion: 136.0.7103.92 (cb81a4cc5087..., userDataDir: C:\Users\ABHISH~1\AppData\L...}, fedcm:accounts: true, goog:chromeOptions: {debuggerAddress: localhost:52226}, networkConnectionEnabled: false, pageLoadStrategy: normal, platformName: windows, proxy: Proxy(), se:cdp: ws://localhost:52226/devtoo..., se:cdpVersion: 136.0.7103.93, setWindowRect: true, strictFileInteractability: false, timeouts: {implicit: 0, pageLoad: 300000, script: 30000}, unhandledPromptBehavior: dismiss and notify, webauthn:extension:credBlob: true, webauthn:extension:largeBlob: true, webauthn:extension:minPinLength: true, webauthn:extension:prf: true, webauthn:virtualAuthenticators: true}
Session ID: 04c31e8dc2bc5a2378e50dd589669d8f">
      <![CDATA[org.openqa.selenium.TimeoutException: Expected condition failed: waiting for element to be clickable: By.xpath: //span[@class='cc-1x4xm cc-sdm9t'] (tried for 10 second(s) with 500 milliseconds interval)
Build info: version: '4.29.0', revision: '5fc1ec94cb'
System info: os.name: 'Windows 11', os.arch: 'amd64', os.version: '10.0', java.version: '23.0.2'
Driver info: org.openqa.selenium.chrome.ChromeDriver
Capabilities {acceptInsecureCerts: false, browserName: chrome, browserVersion: 136.0.7103.93, chrome: {chromedriverVersion: 136.0.7103.92 (cb81a4cc5087..., userDataDir: C:\Users\ABHISH~1\AppData\L...}, fedcm:accounts: true, goog:chromeOptions: {debuggerAddress: localhost:52226}, networkConnectionEnabled: false, pageLoadStrategy: normal, platformName: windows, proxy: Proxy(), se:cdp: ws://localhost:52226/devtoo..., se:cdpVersion: 136.0.7103.93, setWindowRect: true, strictFileInteractability: false, timeouts: {implicit: 0, pageLoad: 300000, script: 30000}, unhandledPromptBehavior: dismiss and notify, webauthn:extension:credBlob: true, webauthn:extension:largeBlob: true, webauthn:extension:minPinLength: true, webauthn:extension:prf: true, webauthn:virtualAuthenticators: true}
Session ID: 04c31e8dc2bc5a2378e50dd589669d8f
at org.openqa.selenium.support.ui.WebDriverWait.timeoutException(WebDriverWait.java:84)
at org.openqa.selenium.support.ui.FluentWait.until(FluentWait.java:228)
at bidinnUserWebAppTestScript.VerifyHomePage.verifyRecommendHotelStartBidBeforeLogin(VerifyHomePage.java:340)
at java.base/java.util.concurrent.Executors$RunnableAdapter.call(Executors.java:572)
at java.base/java.util.concurrent.FutureTask.run(FutureTask.java:317)
at java.base/java.util.concurrent.ThreadPoolExecutor.runWorker(ThreadPoolExecutor.java:1144)
at java.base/java.util.concurrent.ThreadPoolExecutor$Worker.run(ThreadPoolExecutor.java:642)
at java.base/java.lang.Thread.run(Thread.java:1575)
... Removed 11 stack frames]]>
    </failure>
  </testcase> <!-- verifyRecommendHotelStartBidBeforeLogin -->
  <testcase classname="bidinnUserWebAppTestScript.VerifyHomePage" name="verifyRecommendedHotelSliderworkornot" time="11.36">
    <failure type="org.openqa.selenium.TimeoutException" message="Expected condition failed: waiting for element to be clickable: By.xpath: //span[@class=&amp;apos;cc-1x4xm cc-sdm9t&amp;apos;] (tried for 10 second(s) with 500 milliseconds interval)
Build info: version: &amp;apos;4.29.0&amp;apos;, revision: &amp;apos;5fc1ec94cb&amp;apos;
System info: os.name: &amp;apos;Windows 11&amp;apos;, os.arch: &amp;apos;amd64&amp;apos;, os.version: &amp;apos;10.0&amp;apos;, java.version: &amp;apos;23.0.2&amp;apos;
Driver info: org.openqa.selenium.chrome.ChromeDriver
Capabilities {acceptInsecureCerts: false, browserName: chrome, browserVersion: 136.0.7103.93, chrome: {chromedriverVersion: 136.0.7103.92 (cb81a4cc5087..., userDataDir: C:\Users\ABHISH~1\AppData\L...}, fedcm:accounts: true, goog:chromeOptions: {debuggerAddress: localhost:52275}, networkConnectionEnabled: false, pageLoadStrategy: normal, platformName: windows, proxy: Proxy(), se:cdp: ws://localhost:52275/devtoo..., se:cdpVersion: 136.0.7103.93, setWindowRect: true, strictFileInteractability: false, timeouts: {implicit: 0, pageLoad: 300000, script: 30000}, unhandledPromptBehavior: dismiss and notify, webauthn:extension:credBlob: true, webauthn:extension:largeBlob: true, webauthn:extension:minPinLength: true, webauthn:extension:prf: true, webauthn:virtualAuthenticators: true}
Session ID: 4e6672c9e96c46ca8c77d1ff9195d919">
      <![CDATA[org.openqa.selenium.TimeoutException: Expected condition failed: waiting for element to be clickable: By.xpath: //span[@class='cc-1x4xm cc-sdm9t'] (tried for 10 second(s) with 500 milliseconds interval)
Build info: version: '4.29.0', revision: '5fc1ec94cb'
System info: os.name: 'Windows 11', os.arch: 'amd64', os.version: '10.0', java.version: '23.0.2'
Driver info: org.openqa.selenium.chrome.ChromeDriver
Capabilities {acceptInsecureCerts: false, browserName: chrome, browserVersion: 136.0.7103.93, chrome: {chromedriverVersion: 136.0.7103.92 (cb81a4cc5087..., userDataDir: C:\Users\ABHISH~1\AppData\L...}, fedcm:accounts: true, goog:chromeOptions: {debuggerAddress: localhost:52275}, networkConnectionEnabled: false, pageLoadStrategy: normal, platformName: windows, proxy: Proxy(), se:cdp: ws://localhost:52275/devtoo..., se:cdpVersion: 136.0.7103.93, setWindowRect: true, strictFileInteractability: false, timeouts: {implicit: 0, pageLoad: 300000, script: 30000}, unhandledPromptBehavior: dismiss and notify, webauthn:extension:credBlob: true, webauthn:extension:largeBlob: true, webauthn:extension:minPinLength: true, webauthn:extension:prf: true, webauthn:virtualAuthenticators: true}
Session ID: 4e6672c9e96c46ca8c77d1ff9195d919
at org.openqa.selenium.support.ui.WebDriverWait.timeoutException(WebDriverWait.java:84)
at org.openqa.selenium.support.ui.FluentWait.until(FluentWait.java:228)
at bidinnUserWebAppTestScript.VerifyHomePage.verifyRecommendedHotelSliderworkornot(VerifyHomePage.java:293)
at java.base/java.util.concurrent.Executors$RunnableAdapter.call(Executors.java:572)
at java.base/java.util.concurrent.FutureTask.run(FutureTask.java:317)
at java.base/java.util.concurrent.ThreadPoolExecutor.runWorker(ThreadPoolExecutor.java:1144)
at java.base/java.util.concurrent.ThreadPoolExecutor$Worker.run(ThreadPoolExecutor.java:642)
at java.base/java.lang.Thread.run(Thread.java:1575)
... Removed 11 stack frames]]>
    </failure>
  </testcase> <!-- verifyRecommendedHotelSliderworkornot -->
  <testcase classname="bidinnUserWebAppTestScript.VerifyHomePage" name="verifySearch" time="6.327"/>
  <testcase classname="bidinnUserWebAppTestScript.VerifyHomePage" name="verifyclicklink1gps" time="8.375"/>
  <testcase classname="bidinnUserWebAppTestScript.VerifyHomePage" name="verifyclicklink2ios" time="4.704"/>
  <testcase classname="bidinnUserWebAppTestScript.VerifyHomePage" name="verifyourBlogs" time="6.142"/>
  <testcase classname="bidinnUserWebAppTestScript.VerifyHomePage" name="bidinnLogo" time="1.929"/>
</testsuite> <!-- TestScript -->
